#! /usr/share/iverilog-0.9.7/bin/vvp
:ivl_version "0.9.7 " "(v0_9_6)";
:vpi_time_precision - 12;
:vpi_module "system";
:vpi_module "v2005_math";
:vpi_module "va_math";
S_0xdb42f0 .scope module, "tb" "tb" 2 4;
 .timescale -9 -12;
v0xdcc4b0_0 .var "clk", 0 0;
v0xdcc550_0 .net "cnt", 4 0, v0xdcbc80_0; 1 drivers
v0xdcc600_0 .net "empty", 0 0, v0xdcbe70_0; 1 drivers
v0xdcc6b0_0 .net "full", 0 0, v0xdcbf10_0; 1 drivers
v0xdcc790_0 .var "ip", 7 0;
v0xdcc840_0 .net "op", 7 0, v0xdcbdc0_0; 1 drivers
v0xdcc8c0_0 .var "rd", 0 0;
v0xdcc970_0 .var "rst", 0 0;
v0xdcca20_0 .var "wr", 0 0;
S_0xdb43e0 .scope module, "Fifo" "fifo" 2 11, 3 3, S_0xdb42f0;
 .timescale -9 -12;
v0xdb4500_0 .net "clk", 0 0, v0xdcc4b0_0; 1 drivers
v0xdcbc80_0 .var "cnt", 4 0;
v0xdcbd20_0 .net "data_in", 7 0, v0xdcc790_0; 1 drivers
v0xdcbdc0_0 .var "data_out", 7 0;
v0xdcbe70_0 .var "empty", 0 0;
v0xdcbf10_0 .var "full", 0 0;
v0xdcbff0 .array "mem", 0 15, 7 0;
v0xdcc070_0 .net "rd", 0 0, v0xdcc8c0_0; 1 drivers
v0xdcc160_0 .var "rd_ptr", 4 0;
v0xdcc200_0 .net "rst", 0 0, v0xdcc970_0; 1 drivers
v0xdcc300_0 .net "wr", 0 0, v0xdcca20_0; 1 drivers
v0xdcc3a0_0 .var "wr_ptr", 4 0;
E_0xd9faf0 .event negedge, v0xdb4500_0;
E_0xdb44d0 .event edge, v0xdcc200_0;
    .scope S_0xdb43e0;
T_0 ;
    %vpi_call 3 16 "$dumpfile", "dump.vcd";
    %vpi_call 3 17 "$dumpvars", 2'sb01, S_0xdb43e0;
    %end;
    .thread T_0;
    .scope S_0xdb43e0;
T_1 ;
    %wait E_0xdb44d0;
    %load/v 8, v0xdcc200_0, 1;
    %jmp/0xz  T_1.0, 8;
    %ix/load 0, 5, 0;
    %assign/v0 v0xdcc160_0, 0, 0;
    %ix/load 0, 5, 0;
    %assign/v0 v0xdcc3a0_0, 0, 0;
    %ix/load 0, 1, 0;
    %assign/v0 v0xdcbe70_0, 0, 1;
    %ix/load 0, 1, 0;
    %assign/v0 v0xdcbf10_0, 0, 0;
    %ix/load 0, 5, 0;
    %assign/v0 v0xdcbc80_0, 0, 0;
T_1.0 ;
    %jmp T_1;
    .thread T_1, $push;
    .scope S_0xdb43e0;
T_2 ;
    %wait E_0xd9faf0;
    %load/v 8, v0xdcc070_0, 1;
    %load/v 9, v0xdcbe70_0, 1;
    %inv 9, 1;
    %and 8, 9, 1;
    %jmp/0xz  T_2.0, 8;
    %ix/getv 3, v0xdcc160_0;
    %load/av 8, v0xdcbff0, 8;
    %set/v v0xdcbdc0_0, 8, 8;
    %ix/load 0, 1, 0;
    %load/vp0 8, v0xdcc160_0, 5;
    %set/v v0xdcc160_0, 8, 5;
    %load/v 8, v0xdcbc80_0, 5;
    %subi 8, 1, 5;
    %set/v v0xdcbc80_0, 8, 5;
    %load/v 8, v0xdcbc80_0, 5;
    %cmpi/u 8, 0, 5;
    %jmp/0xz  T_2.2, 4;
    %set/v v0xdcbe70_0, 1, 1;
    %jmp T_2.3;
T_2.2 ;
    %set/v v0xdcbe70_0, 0, 1;
T_2.3 ;
    %load/v 8, v0xdcbc80_0, 5;
    %cmpi/u 8, 16, 5;
    %jmp/0xz  T_2.4, 4;
    %set/v v0xdcbf10_0, 1, 1;
    %jmp T_2.5;
T_2.4 ;
    %set/v v0xdcbf10_0, 0, 1;
T_2.5 ;
    %jmp T_2.1;
T_2.0 ;
    %load/v 8, v0xdcc300_0, 1;
    %load/v 9, v0xdcbf10_0, 1;
    %inv 9, 1;
    %and 8, 9, 1;
    %jmp/0xz  T_2.6, 8;
    %load/v 8, v0xdcbd20_0, 8;
    %ix/getv 3, v0xdcc3a0_0;
   %jmp/1 t_0, 4;
   %ix/load 1, 0, 0;
   %set/av v0xdcbff0, 8, 8;
t_0 ;
    %ix/load 0, 1, 0;
    %load/vp0 8, v0xdcc3a0_0, 5;
    %set/v v0xdcc3a0_0, 8, 5;
    %ix/load 0, 1, 0;
    %load/vp0 8, v0xdcbc80_0, 5;
    %set/v v0xdcbc80_0, 8, 5;
    %load/v 8, v0xdcbc80_0, 5;
    %cmpi/u 8, 16, 5;
    %jmp/0xz  T_2.8, 4;
    %set/v v0xdcbf10_0, 1, 1;
    %jmp T_2.9;
T_2.8 ;
    %set/v v0xdcbf10_0, 0, 1;
T_2.9 ;
    %load/v 8, v0xdcbc80_0, 5;
    %cmpi/u 8, 0, 5;
    %jmp/0xz  T_2.10, 4;
    %set/v v0xdcbe70_0, 1, 1;
    %jmp T_2.11;
T_2.10 ;
    %set/v v0xdcbe70_0, 0, 1;
T_2.11 ;
    %jmp T_2.7;
T_2.6 ;
    %vpi_call 3 65 "$display", "Error";
T_2.7 ;
T_2.1 ;
    %jmp T_2;
    .thread T_2;
    .scope S_0xdb42f0;
T_3 ;
    %delay 10000, 0;
    %load/v 8, v0xdcc4b0_0, 1;
    %inv 8, 1;
    %ix/load 0, 1, 0;
    %assign/v0 v0xdcc4b0_0, 0, 8;
    %jmp T_3;
    .thread T_3;
    .scope S_0xdb42f0;
T_4 ;
    %vpi_call 2 26 "$monitor", "Time = %0t clk = %0d ip = %0d wr = %0d rd = %0d rst = %0d op = %0d empty = %0d full = %0d cnt = %0d", $time, v0xdcc4b0_0, v0xdcc790_0, v0xdcca20_0, v0xdcc8c0_0, v0xdcc970_0, v0xdcc840_0, v0xdcc600_0, v0xdcc6b0_0, v0xdcc550_0;
    %set/v v0xdcc4b0_0, 1, 1;
    %set/v v0xdcc970_0, 1, 1;
    %delay 20000, 0;
    %set/v v0xdcc970_0, 0, 1;
    %delay 10000, 0;
    %set/v v0xdcca20_0, 1, 1;
    %movi 8, 17, 8;
    %set/v v0xdcc790_0, 8, 8;
    %set/v v0xdcc8c0_0, 0, 1;
    %delay 20000, 0;
    %set/v v0xdcca20_0, 1, 1;
    %movi 8, 6, 8;
    %set/v v0xdcc790_0, 8, 8;
    %set/v v0xdcc8c0_0, 0, 1;
    %delay 20000, 0;
    %set/v v0xdcca20_0, 1, 1;
    %movi 8, 67, 8;
    %set/v v0xdcc790_0, 8, 8;
    %set/v v0xdcc8c0_0, 0, 1;
    %delay 20000, 0;
    %set/v v0xdcca20_0, 1, 1;
    %movi 8, 20, 8;
    %set/v v0xdcc790_0, 8, 8;
    %set/v v0xdcc8c0_0, 0, 1;
    %delay 20000, 0;
    %set/v v0xdcca20_0, 0, 1;
    %set/v v0xdcc8c0_0, 1, 1;
    %delay 20000, 0;
    %set/v v0xdcca20_0, 0, 1;
    %set/v v0xdcc8c0_0, 1, 1;
    %vpi_call 2 60 "$finish";
    %end;
    .thread T_4;
# The file index is used to find the file name in the following table.
:file_names 4;
    "N/A";
    "<interactive>";
    "testbench.sv";
    "design.sv";
